2026-04-14 17:18:51,823 - INFO - 正在初始化亚马逊美国会话...
2026-04-14 17:18:52,517 - WARNING - 会话初始化状态码: 202
2026-04-14 17:18:52,680 - WARNING - 会话初始化状态码: 202
2026-04-14 17:18:52,842 - WARNING - 会话初始化状态码: 202
2026-04-14 17:18:52,842 - INFO - 初始化请求器，默认邮编: 90060
2026-04-14 17:18:52,843 - INFO - 正在获取总页数: https://www.amazon.com/s?k=C:\Users\Administrator\AppData\Local\Programs\Python\Python312\python.exe e:/ZY2026/运营-准生产级爬虫/anti_scraping/auto_amazon_scraper.py
2026-04-14 17:18:59,889 - INFO - ✅ 检测到美元价格，成功获取美国站数据
2026-04-14 17:19:00,018 - INFO - 未检测到下一页按钮，总页数为: 1
2026-04-14 17:19:00,019 - INFO - 自动检测到总页数: 1
2026-04-14 17:19:00,020 - INFO - 开始爬取关键词: C:\Users\Administrator\AppData\Local\Programs\Python\Python312\python.exe e:/ZY2026/运营-准生产级爬虫/anti_scraping/auto_amazon_scraper.py, 页数: 1
2026-04-14 17:19:00,020 - INFO - 正在访问第 1 页: https://www.amazon.com/s?k=C:\Users\Administrator\AppData\Local\Programs\Python\Python312\python.exe e:/ZY2026/运营-准生产级爬虫/anti_scraping/auto_amazon_scraper.py&page=1
2026-04-14 17:19:04,158 - INFO - ✅ 检测到美元价格，成功获取美国站数据
2026-04-14 17:19:04,235 - INFO - 第 1 页找到 21 个带data-index的元素
2026-04-14 17:19:04,240 - INFO - [自然] data-index=2 自然排名:1 - Boccaccerías Habaneras
2026-04-14 17:19:04,244 - INFO - [自然] data-index=3 自然排名:2 - Threshold
2026-04-14 17:19:04,249 - INFO - [自然] data-index=7 自然排名:3 - The Narrator
2026-04-14 17:19:04,251 - INFO - [自然] data-index=8 自然排名:4 - Edjucatin Charlie
2026-04-14 17:19:04,255 - INFO - [自然] data-index=9 自然排名:5 - Vosot
2026-04-14 17:19:04,259 - INFO - [自然] data-index=10 自然排名:6 - The Narrator
2026-04-14 17:19:04,265 - INFO - [自然] data-index=11 自然排名:7 - Mesmerized
2026-04-14 17:19:04,268 - INFO - [自然] data-index=12 自然排名:8 - SW. Hsieh / J. Ostapenko - K. Rakhimova 
2026-04-14 17:19:04,272 - INFO - [自然] data-index=13 自然排名:9 - Eho
2026-04-14 17:19:04,273 - INFO - [自然] data-index=14 自然排名:10 - Caucasian student who is preparing for e
2026-04-14 17:19:04,277 - INFO - [自然] data-index=15 自然排名:11 - NLP Comprehensive: The Identity Process
2026-04-14 17:19:04,283 - INFO - [自然] data-index=16 自然排名:12 - Become a Python Data Analyst
2026-04-14 17:19:04,286 - INFO - [自然] data-index=17 自然排名:13 - Teach: Tony Danza
2026-04-14 17:19:04,288 - INFO - [自然] data-index=18 自然排名:14 - 34th Annual First Amendment Awards
2026-04-14 17:19:04,292 - INFO - [自然] data-index=19 自然排名:15 - Turbozaurs
2026-04-14 17:19:04,295 - INFO - [自然] data-index=20 自然排名:16 - Teach: Tony Danza
2026-04-14 17:19:04,296 - INFO - 爬取完成，共获取 21 个元素
2026-04-14 17:19:04,296 - INFO -   - 自然商品: 16 个
2026-04-14 17:19:04,296 - INFO -   - SP广告: 0 个
2026-04-14 17:19:04,296 - INFO -   - SB广告: 0 个
2026-04-14 17:19:04,298 - INFO -   - SB视频: 0 个
